<?xml version="1.0" encoding="UTF-8"?>
<!-- Generated by org.testng.reporters.JUnitXMLReporter -->
<testsuite ignored="2" hostname="DESKTOP-3SDN7TF" failures="1" tests="2" name="Regression" time="2.527" errors="0" timestamp="2022-08-14T23:31:52 PDT">
  <testcase classname="POM.Sample" name="test1" time="2.14">
    <failure type="org.testng.internal.thread.ThreadTimeoutException" message="Method POM.Sample.test1() didn&amp;apos;t finish within the time-out 2000">
      <![CDATA[org.testng.internal.thread.ThreadTimeoutException: Method POM.Sample.test1() didn't finish within the time-out 2000
at java.base/java.util.ArrayList.forEach(ArrayList.java:1511)
... Removed 24 stack frames]]>
    </failure>
  </testcase> <!-- test1 -->
  <testcase classname="POM.Sample" name="test4" time="0.001">
    <skipped/>
  </testcase> <!-- test4 -->
  <testcase classname="POM.Sample" name="test2" time="0.0">
    <ignored/>
  </testcase> <!-- test2 -->
  <testcase classname="POM.Sample" name="test" time="0.0">
    <ignored/>
  </testcase> <!-- test -->
</testsuite> <!-- Regression -->
